1638973728013	geckodriver	INFO	Listening on 127.0.0.1:14594
1638973730814	mozrunner::runner	INFO	Running command: "C:\\Program Files\\Mozilla Firefox\\firefox.exe" "--marionette" "--remote-debugging-port" "14595" "-no-remote" "-profile" "C:\\Users\\Lambd\\AppData\\Local\\Temp\\rust_mozprofileLYnd4y"
1638973731399	Marionette	INFO	Marionette enabled
console.warn: SearchSettings: "get: No settings file exists, new profile?" (new NotFoundError("Could not open the file at C:\\Users\\Lambd\\AppData\\Local\\Temp\\rust_mozprofileLYnd4y\\search.json.mozlz4", (void 0)))
DevTools listening on ws://localhost:14595/devtools/browser/57802956-1499-471b-aff3-7d8fdf9ebee0
1638973733596	Marionette	INFO	Listening on port 14604
1638973733990	RemoteAgent	WARN	TLS certificate errors will be ignored for this session
JavaScript warning: https://www.metacritic.com/js/global_alt.min.1633026097.js, line 45: unreachable code after return statement
JavaScript warning: https://www.metacritic.com/js/global_alt.min.1633026097.js, line 45: unreachable code after return statement
1638973744040	Marionette	WARN	Ignoring event 'DOMContentLoaded' because document has an invalid readyState of 'complete'.
JavaScript warning: https://www.metacritic.com/js/global_alt.min.1633026097.js, line 45: unreachable code after return statement
JavaScript warning: https://www.metacritic.com/js/global_alt.min.1633026097.js, line 45: unreachable code after return statement
1638973754055	Marionette	WARN	Ignoring event 'DOMContentLoaded' because document has an invalid readyState of 'complete'.
JavaScript warning: https://www.metacritic.com/js/global_alt.min.1633026097.js, line 45: unreachable code after return statement
JavaScript error: https://www.metacritic.com/a/privacy/optanon/optanon-v1.1.0.js, line 1: TypeError: t.globals.document.location is null
1638973760303	Marionette	INFO	Stopped listening on port 14604

###!!! [Child][MessageChannel] Error: (msgtype=0x680023,name=PNecko::Msg_RemoveRequestContext) Channel closing: too late to send/recv, messages will be lost


###!!! [Child][RunMessage] Error: Channel closing: too late to send/recv, messages will be lost


###!!! [Child][RunMessage] Error: Channel closing: too late to send/recv, messages will be lost


###!!! [Child][RunMessage] Error: Channel closing: too late to send/recv, messages will be lost


###!!! [Child][RunMessage] Error: Channel closing: too late to send/recv, messages will be lost

[Parent 46968, IPC I/O Parent] WARNING: file /builds/worker/checkouts/gecko/ipc/chromium/src/base/process_util_win.cc:167
JavaScript error: chrome://remote/content/marionette/cert.js, line 55: NS_ERROR_NOT_AVAILABLE: Component returned failure code: 0x80040111 (NS_ERROR_NOT_AVAILABLE) [nsICertOverrideService.setDisableAllSecurityChecksAndLetAttackersInterceptMyData]
console.warn: TopSitesFeed: Failed to fetch data from Contile server: NetworkError when attempting to fetch resource.
1638973766779	geckodriver	INFO	Listening on 127.0.0.1:14734
1638973769825	mozrunner::runner	INFO	Running command: "C:\\Program Files\\Mozilla Firefox\\firefox.exe" "--marionette" "--remote-debugging-port" "14736" "-no-remote" "-profile" "C:\\Users\\Lambd\\AppData\\Local\\Temp\\rust_mozprofilekejYJ5"
1638973770151	Marionette	INFO	Marionette enabled
console.warn: SearchSettings: "get: No settings file exists, new profile?" (new NotFoundError("Could not open the file at C:\\Users\\Lambd\\AppData\\Local\\Temp\\rust_mozprofilekejYJ5\\search.json.mozlz4", (void 0)))
console.error: Region.jsm: "Error fetching region" (new TypeError("NetworkError when attempting to fetch resource.", ""))
console.error: Region.jsm: "Failed to fetch region" (new Error("NO_RESULT", "resource://gre/modules/Region.jsm", 419))
console.warn: TopSitesFeed: Failed to fetch data from Contile server: NetworkError when attempting to fetch resource.
DevTools listening on ws://localhost:14736/devtools/browser/032bd7f0-aae5-41a9-97e1-5d3810a624d2
1638973772101	Marionette	INFO	Listening on port 14749
1638973772469	RemoteAgent	WARN	TLS certificate errors will be ignored for this session
1638973815812	Marionette	INFO	Stopped listening on port 14749
console.warn: TopSitesFeed: Failed to fetch data from Contile server: NetworkError when attempting to fetch resource.

###!!! [Parent][RunMessage] Error: Channel closing: too late to send/recv, messages will be lost

